<?xml version="1.0" encoding="UTF-8"?>
<!-- Generated by org.testng.reporters.JUnitReportReporter -->
<testsuite hostname="sefikas-MacBook-Pro.local" name="testNgExamples.TestNg2" tests="1" failures="0" timestamp="28 Jun 2020 08:12:33 GMT" time="9.642" errors="0">
  <testcase name="selectEl" time="9.642" classname="testNgExamples.TestNg2"/>
</testsuite> <!-- testNgExamples.TestNg2 -->
