<?xml version="1.0" encoding="UTF-8"?>
<!-- Generated by org.testng.reporters.JUnitReportReporter -->
<testsuite hostname="sefikas-MacBook-Pro.local" name="week5_JavaScriptExecuter.Sel_50_TestNg2" tests="1" failures="0" timestamp="3 Jul 2020 01:48:18 GMT" time="8.423" errors="0">
  <testcase name="invalidCredentials" time="8.423" classname="week5_JavaScriptExecuter.Sel_50_TestNg2"/>
</testsuite> <!-- week5_JavaScriptExecuter.Sel_50_TestNg2 -->
