<?xml version="1.0" encoding="UTF-8"?>
<!-- Generated by org.testng.reporters.JUnitReportReporter -->
<testsuite hostname="sefikas-MacBook-Pro.local" name="week4_Synchronization_WaitConcepts.TestNGSample" tests="2" failures="0" timestamp="3 Jul 2020 01:43:47 GMT" time="17.375" errors="0">
  <testcase name="getTitle" time="8.783" classname="week4_Synchronization_WaitConcepts.TestNGSample"/>
  <testcase name="InvalidCredentials" time="8.592" classname="week4_Synchronization_WaitConcepts.TestNGSample"/>
</testsuite> <!-- week4_Synchronization_WaitConcepts.TestNGSample -->
